[2024-02-07 14:30:20,833] INFO Terminating process due to signal SIGINT (org.apache.kafka.common.utils.LoggingSignalHandler)
[2024-02-07 14:30:20,837] INFO [KafkaServer id=0] shutting down (kafka.server.KafkaServer)
[2024-02-07 14:30:20,839] INFO [KafkaServer id=0] Starting controlled shutdown (kafka.server.KafkaServer)
[2024-02-07 14:30:20,850] INFO [KafkaServer id=0] Controlled shutdown request returned successfully after 6ms (kafka.server.KafkaServer)
[2024-02-07 14:30:20,853] INFO [/config/changes-event-process-thread]: Shutting down (kafka.common.ZkNodeChangeNotificationListener$ChangeEventProcessThread)
[2024-02-07 14:30:20,853] INFO [/config/changes-event-process-thread]: Stopped (kafka.common.ZkNodeChangeNotificationListener$ChangeEventProcessThread)
[2024-02-07 14:30:20,853] INFO [/config/changes-event-process-thread]: Shutdown completed (kafka.common.ZkNodeChangeNotificationListener$ChangeEventProcessThread)
[2024-02-07 14:30:20,853] INFO [SocketServer listenerType=ZK_BROKER, nodeId=0] Stopping socket server request processors (kafka.network.SocketServer)
[2024-02-07 14:30:20,858] INFO [SocketServer listenerType=ZK_BROKER, nodeId=0] Stopped socket server request processors (kafka.network.SocketServer)
[2024-02-07 14:30:20,859] INFO [data-plane Kafka Request Handler on Broker 0], shutting down (kafka.server.KafkaRequestHandlerPool)
[2024-02-07 14:30:20,859] INFO [data-plane Kafka Request Handler on Broker 0], shut down completely (kafka.server.KafkaRequestHandlerPool)
[2024-02-07 14:30:20,860] INFO [ExpirationReaper-0-AlterAcls]: Shutting down (kafka.server.DelayedOperationPurgatory$ExpiredOperationReaper)
[2024-02-07 14:30:20,860] INFO [ExpirationReaper-0-AlterAcls]: Stopped (kafka.server.DelayedOperationPurgatory$ExpiredOperationReaper)
[2024-02-07 14:30:20,860] INFO [ExpirationReaper-0-AlterAcls]: Shutdown completed (kafka.server.DelayedOperationPurgatory$ExpiredOperationReaper)
[2024-02-07 14:30:20,865] INFO [KafkaApi-0] Shutdown complete. (kafka.server.KafkaApis)
[2024-02-07 14:30:20,865] INFO [ExpirationReaper-0-topic]: Shutting down (kafka.server.DelayedOperationPurgatory$ExpiredOperationReaper)
[2024-02-07 14:30:20,865] INFO [ExpirationReaper-0-topic]: Stopped (kafka.server.DelayedOperationPurgatory$ExpiredOperationReaper)
[2024-02-07 14:30:20,865] INFO [ExpirationReaper-0-topic]: Shutdown completed (kafka.server.DelayedOperationPurgatory$ExpiredOperationReaper)
[2024-02-07 14:30:20,866] INFO [TransactionCoordinator id=0] Shutting down. (kafka.coordinator.transaction.TransactionCoordinator)
[2024-02-07 14:30:20,866] INFO [Transaction State Manager 0]: Shutdown complete (kafka.coordinator.transaction.TransactionStateManager)
[2024-02-07 14:30:20,866] INFO [TxnMarkerSenderThread-0]: Shutting down (kafka.coordinator.transaction.TransactionMarkerChannelManager)
[2024-02-07 14:30:20,867] INFO [TxnMarkerSenderThread-0]: Stopped (kafka.coordinator.transaction.TransactionMarkerChannelManager)
[2024-02-07 14:30:20,867] INFO [TxnMarkerSenderThread-0]: Shutdown completed (kafka.coordinator.transaction.TransactionMarkerChannelManager)
[2024-02-07 14:30:20,867] INFO [TransactionCoordinator id=0] Shutdown complete. (kafka.coordinator.transaction.TransactionCoordinator)
[2024-02-07 14:30:20,867] INFO [GroupCoordinator 0]: Shutting down. (kafka.coordinator.group.GroupCoordinator)
[2024-02-07 14:30:20,867] INFO [ExpirationReaper-0-Heartbeat]: Shutting down (kafka.server.DelayedOperationPurgatory$ExpiredOperationReaper)
[2024-02-07 14:30:20,867] INFO [ExpirationReaper-0-Heartbeat]: Stopped (kafka.server.DelayedOperationPurgatory$ExpiredOperationReaper)
[2024-02-07 14:30:20,868] INFO [ExpirationReaper-0-Heartbeat]: Shutdown completed (kafka.server.DelayedOperationPurgatory$ExpiredOperationReaper)
[2024-02-07 14:30:20,868] INFO [ExpirationReaper-0-Rebalance]: Shutting down (kafka.server.DelayedOperationPurgatory$ExpiredOperationReaper)
[2024-02-07 14:30:20,868] INFO [ExpirationReaper-0-Rebalance]: Stopped (kafka.server.DelayedOperationPurgatory$ExpiredOperationReaper)
[2024-02-07 14:30:20,868] INFO [ExpirationReaper-0-Rebalance]: Shutdown completed (kafka.server.DelayedOperationPurgatory$ExpiredOperationReaper)
[2024-02-07 14:30:20,868] INFO [GroupCoordinator 0]: Shutdown complete. (kafka.coordinator.group.GroupCoordinator)
[2024-02-07 14:30:20,868] INFO [ReplicaManager broker=0] Shutting down (kafka.server.ReplicaManager)
[2024-02-07 14:30:20,868] INFO [LogDirFailureHandler]: Shutting down (kafka.server.ReplicaManager$LogDirFailureHandler)
[2024-02-07 14:30:20,868] INFO [LogDirFailureHandler]: Stopped (kafka.server.ReplicaManager$LogDirFailureHandler)
[2024-02-07 14:30:20,868] INFO [LogDirFailureHandler]: Shutdown completed (kafka.server.ReplicaManager$LogDirFailureHandler)
[2024-02-07 14:30:20,869] INFO [ReplicaFetcherManager on broker 0] shutting down (kafka.server.ReplicaFetcherManager)
[2024-02-07 14:30:20,869] INFO [ReplicaFetcherManager on broker 0] shutdown completed (kafka.server.ReplicaFetcherManager)
[2024-02-07 14:30:20,869] INFO [ReplicaAlterLogDirsManager on broker 0] shutting down (kafka.server.ReplicaAlterLogDirsManager)
[2024-02-07 14:30:20,869] INFO [ReplicaAlterLogDirsManager on broker 0] shutdown completed (kafka.server.ReplicaAlterLogDirsManager)
[2024-02-07 14:30:20,869] INFO [ExpirationReaper-0-Fetch]: Shutting down (kafka.server.DelayedOperationPurgatory$ExpiredOperationReaper)
[2024-02-07 14:30:20,869] INFO [ExpirationReaper-0-Fetch]: Stopped (kafka.server.DelayedOperationPurgatory$ExpiredOperationReaper)
[2024-02-07 14:30:20,869] INFO [ExpirationReaper-0-Fetch]: Shutdown completed (kafka.server.DelayedOperationPurgatory$ExpiredOperationReaper)
[2024-02-07 14:30:20,869] INFO [ExpirationReaper-0-RemoteFetch]: Shutting down (kafka.server.DelayedOperationPurgatory$ExpiredOperationReaper)
[2024-02-07 14:30:20,870] INFO [ExpirationReaper-0-RemoteFetch]: Stopped (kafka.server.DelayedOperationPurgatory$ExpiredOperationReaper)
[2024-02-07 14:30:20,870] INFO [ExpirationReaper-0-RemoteFetch]: Shutdown completed (kafka.server.DelayedOperationPurgatory$ExpiredOperationReaper)
[2024-02-07 14:30:20,870] INFO [ExpirationReaper-0-Produce]: Shutting down (kafka.server.DelayedOperationPurgatory$ExpiredOperationReaper)
[2024-02-07 14:30:20,870] INFO [ExpirationReaper-0-Produce]: Stopped (kafka.server.DelayedOperationPurgatory$ExpiredOperationReaper)
[2024-02-07 14:30:20,870] INFO [ExpirationReaper-0-Produce]: Shutdown completed (kafka.server.DelayedOperationPurgatory$ExpiredOperationReaper)
[2024-02-07 14:30:20,870] INFO [ExpirationReaper-0-DeleteRecords]: Shutting down (kafka.server.DelayedOperationPurgatory$ExpiredOperationReaper)
[2024-02-07 14:30:20,870] INFO [ExpirationReaper-0-DeleteRecords]: Stopped (kafka.server.DelayedOperationPurgatory$ExpiredOperationReaper)
[2024-02-07 14:30:20,870] INFO [ExpirationReaper-0-DeleteRecords]: Shutdown completed (kafka.server.DelayedOperationPurgatory$ExpiredOperationReaper)
[2024-02-07 14:30:20,870] INFO [ExpirationReaper-0-ElectLeader]: Shutting down (kafka.server.DelayedOperationPurgatory$ExpiredOperationReaper)
[2024-02-07 14:30:20,870] INFO [ExpirationReaper-0-ElectLeader]: Stopped (kafka.server.DelayedOperationPurgatory$ExpiredOperationReaper)
[2024-02-07 14:30:20,870] INFO [ExpirationReaper-0-ElectLeader]: Shutdown completed (kafka.server.DelayedOperationPurgatory$ExpiredOperationReaper)
[2024-02-07 14:30:20,877] INFO [AddPartitionsToTxnSenderThread-0]: Shutting down (kafka.server.AddPartitionsToTxnManager)
[2024-02-07 14:30:20,877] INFO [AddPartitionsToTxnSenderThread-0]: Stopped (kafka.server.AddPartitionsToTxnManager)
[2024-02-07 14:30:20,877] INFO [AddPartitionsToTxnSenderThread-0]: Shutdown completed (kafka.server.AddPartitionsToTxnManager)
[2024-02-07 14:30:20,877] INFO [ReplicaManager broker=0] Shut down completely (kafka.server.ReplicaManager)
[2024-02-07 14:30:20,877] INFO [zk-broker-0-to-controller-alter-partition-channel-manager]: Shutting down (kafka.server.BrokerToControllerRequestThread)
[2024-02-07 14:30:20,877] INFO [zk-broker-0-to-controller-alter-partition-channel-manager]: Stopped (kafka.server.BrokerToControllerRequestThread)
[2024-02-07 14:30:20,877] INFO [zk-broker-0-to-controller-alter-partition-channel-manager]: Shutdown completed (kafka.server.BrokerToControllerRequestThread)
[2024-02-07 14:30:20,878] INFO Broker to controller channel manager for alter-partition shutdown (kafka.server.BrokerToControllerChannelManagerImpl)
[2024-02-07 14:30:20,878] INFO [zk-broker-0-to-controller-forwarding-channel-manager]: Shutting down (kafka.server.BrokerToControllerRequestThread)
[2024-02-07 14:30:20,878] INFO [zk-broker-0-to-controller-forwarding-channel-manager]: Stopped (kafka.server.BrokerToControllerRequestThread)
[2024-02-07 14:30:20,878] INFO [zk-broker-0-to-controller-forwarding-channel-manager]: Shutdown completed (kafka.server.BrokerToControllerRequestThread)
[2024-02-07 14:30:20,878] INFO Broker to controller channel manager for forwarding shutdown (kafka.server.BrokerToControllerChannelManagerImpl)
[2024-02-07 14:30:20,879] INFO Shutting down. (kafka.log.LogManager)
[2024-02-07 14:30:20,879] INFO [kafka-log-cleaner-thread-0]: Shutting down (kafka.log.LogCleaner$CleanerThread)
[2024-02-07 14:30:20,879] INFO [kafka-log-cleaner-thread-0]: Stopped (kafka.log.LogCleaner$CleanerThread)
[2024-02-07 14:30:20,879] INFO [kafka-log-cleaner-thread-0]: Shutdown completed (kafka.log.LogCleaner$CleanerThread)
[2024-02-07 14:30:20,941] INFO [ProducerStateManager partition=myTopic-0]Wrote producer snapshot at offset 1 with 1 producer ids in 6 ms. (org.apache.kafka.storage.internals.log.ProducerStateManager)
[2024-02-07 14:30:21,010] INFO [ProducerStateManager partition=__consumer_offsets-32]Wrote producer snapshot at offset 6 with 0 producer ids in 5 ms. (org.apache.kafka.storage.internals.log.ProducerStateManager)
[2024-02-07 14:30:21,110] INFO [ProducerStateManager partition=kitchenTopic-0]Wrote producer snapshot at offset 1 with 1 producer ids in 5 ms. (org.apache.kafka.storage.internals.log.ProducerStateManager)
[2024-02-07 14:30:21,296] INFO Shutdown complete. (kafka.log.LogManager)
[2024-02-07 14:30:21,302] INFO [feature-zk-node-event-process-thread]: Shutting down (kafka.server.FinalizedFeatureChangeListener$ChangeNotificationProcessorThread)
[2024-02-07 14:30:21,302] INFO [feature-zk-node-event-process-thread]: Stopped (kafka.server.FinalizedFeatureChangeListener$ChangeNotificationProcessorThread)
[2024-02-07 14:30:21,302] INFO [feature-zk-node-event-process-thread]: Shutdown completed (kafka.server.FinalizedFeatureChangeListener$ChangeNotificationProcessorThread)
[2024-02-07 14:30:21,302] INFO [ZooKeeperClient Kafka server] Closing. (kafka.zookeeper.ZooKeeperClient)
[2024-02-07 14:30:21,419] INFO Session: 0x10001ebab590000 closed (org.apache.zookeeper.ZooKeeper)
[2024-02-07 14:30:21,419] INFO EventThread shut down for session: 0x10001ebab590000 (org.apache.zookeeper.ClientCnxn)
[2024-02-07 14:30:21,420] INFO [ZooKeeperClient Kafka server] Closed. (kafka.zookeeper.ZooKeeperClient)
[2024-02-07 14:30:21,420] INFO [ThrottledChannelReaper-Fetch]: Shutting down (kafka.server.ClientQuotaManager$ThrottledChannelReaper)
[2024-02-07 14:30:21,421] INFO [ThrottledChannelReaper-Fetch]: Stopped (kafka.server.ClientQuotaManager$ThrottledChannelReaper)
[2024-02-07 14:30:21,421] INFO [ThrottledChannelReaper-Fetch]: Shutdown completed (kafka.server.ClientQuotaManager$ThrottledChannelReaper)
[2024-02-07 14:30:21,421] INFO [ThrottledChannelReaper-Produce]: Shutting down (kafka.server.ClientQuotaManager$ThrottledChannelReaper)
[2024-02-07 14:30:21,421] INFO [ThrottledChannelReaper-Produce]: Stopped (kafka.server.ClientQuotaManager$ThrottledChannelReaper)
[2024-02-07 14:30:21,421] INFO [ThrottledChannelReaper-Produce]: Shutdown completed (kafka.server.ClientQuotaManager$ThrottledChannelReaper)
[2024-02-07 14:30:21,421] INFO [ThrottledChannelReaper-Request]: Shutting down (kafka.server.ClientQuotaManager$ThrottledChannelReaper)
[2024-02-07 14:30:21,421] INFO [ThrottledChannelReaper-Request]: Stopped (kafka.server.ClientQuotaManager$ThrottledChannelReaper)
[2024-02-07 14:30:21,421] INFO [ThrottledChannelReaper-Request]: Shutdown completed (kafka.server.ClientQuotaManager$ThrottledChannelReaper)
[2024-02-07 14:30:21,422] INFO [ThrottledChannelReaper-ControllerMutation]: Shutting down (kafka.server.ClientQuotaManager$ThrottledChannelReaper)
[2024-02-07 14:30:21,422] INFO [ThrottledChannelReaper-ControllerMutation]: Stopped (kafka.server.ClientQuotaManager$ThrottledChannelReaper)
[2024-02-07 14:30:21,422] INFO [ThrottledChannelReaper-ControllerMutation]: Shutdown completed (kafka.server.ClientQuotaManager$ThrottledChannelReaper)
[2024-02-07 14:30:21,422] INFO [SocketServer listenerType=ZK_BROKER, nodeId=0] Shutting down socket server (kafka.network.SocketServer)
[2024-02-07 14:30:21,429] INFO [SocketServer listenerType=ZK_BROKER, nodeId=0] Shutdown completed (kafka.network.SocketServer)
[2024-02-07 14:30:21,430] INFO Metrics scheduler closed (org.apache.kafka.common.metrics.Metrics)
[2024-02-07 14:30:21,430] INFO Closing reporter org.apache.kafka.common.metrics.JmxReporter (org.apache.kafka.common.metrics.Metrics)
[2024-02-07 14:30:21,430] INFO Metrics reporters closed (org.apache.kafka.common.metrics.Metrics)
[2024-02-07 14:30:21,430] INFO Broker and topic stats closed (kafka.server.BrokerTopicStats)
[2024-02-07 14:30:21,430] INFO App info kafka.server for 0 unregistered (org.apache.kafka.common.utils.AppInfoParser)
[2024-02-07 14:30:21,431] INFO [KafkaServer id=0] shut down completed (kafka.server.KafkaServer)
